<?xml version="1.0" encoding="UTF-8"?>
<testsuite xmlns:xsi="http://www.w3.org/2001/XMLSchema-instance" xsi:noNamespaceSchemaLocation="https://maven.apache.org/surefire/maven-surefire-plugin/xsd/surefire-test-report.xsd" name="com.charles.flight.FlightApplicationTests" time="2.872" tests="1" errors="0" skipped="0" failures="0">
  <properties>
    <property name="sun.desktop" value="windows"/>
    <property name="awt.toolkit" value="sun.awt.windows.WToolkit"/>
    <property name="file.encoding.pkg" value="sun.io"/>
    <property name="java.specification.version" value="1.8"/>
    <property name="sun.cpu.isalist" value="amd64"/>
    <property name="sun.jnu.encoding" value="GBK"/>
    <property name="java.class.path" value="E:\flight\target\test-classes;E:\flight\target\classes;d:\maven\repository\org\springframework\boot\spring-boot-starter-thymeleaf\2.3.0.RELEASE\spring-boot-starter-thymeleaf-2.3.0.RELEASE.jar;d:\maven\repository\org\springframework\boot\spring-boot-starter\2.3.0.RELEASE\spring-boot-starter-2.3.0.RELEASE.jar;d:\maven\repository\org\springframework\boot\spring-boot\2.3.0.RELEASE\spring-boot-2.3.0.RELEASE.jar;d:\maven\repository\org\springframework\boot\spring-boot-autoconfigure\2.3.0.RELEASE\spring-boot-autoconfigure-2.3.0.RELEASE.jar;d:\maven\repository\org\springframework\boot\spring-boot-starter-logging\2.3.0.RELEASE\spring-boot-starter-logging-2.3.0.RELEASE.jar;d:\maven\repository\ch\qos\logback\logback-classic\1.2.3\logback-classic-1.2.3.jar;d:\maven\repository\ch\qos\logback\logback-core\1.2.3\logback-core-1.2.3.jar;d:\maven\repository\org\apache\logging\log4j\log4j-to-slf4j\2.13.2\log4j-to-slf4j-2.13.2.jar;d:\maven\repository\org\apache\logging\log4j\log4j-api\2.13.2\log4j-api-2.13.2.jar;d:\maven\repository\org\slf4j\jul-to-slf4j\1.7.30\jul-to-slf4j-1.7.30.jar;d:\maven\repository\jakarta\annotation\jakarta.annotation-api\1.3.5\jakarta.annotation-api-1.3.5.jar;d:\maven\repository\org\yaml\snakeyaml\1.26\snakeyaml-1.26.jar;d:\maven\repository\org\thymeleaf\thymeleaf-spring5\3.0.11.RELEASE\thymeleaf-spring5-3.0.11.RELEASE.jar;d:\maven\repository\org\thymeleaf\thymeleaf\3.0.11.RELEASE\thymeleaf-3.0.11.RELEASE.jar;d:\maven\repository\org\attoparser\attoparser\2.0.5.RELEASE\attoparser-2.0.5.RELEASE.jar;d:\maven\repository\org\unbescape\unbescape\1.1.6.RELEASE\unbescape-1.1.6.RELEASE.jar;d:\maven\repository\org\slf4j\slf4j-api\1.7.30\slf4j-api-1.7.30.jar;d:\maven\repository\org\thymeleaf\extras\thymeleaf-extras-java8time\3.0.4.RELEASE\thymeleaf-extras-java8time-3.0.4.RELEASE.jar;d:\maven\repository\org\springframework\boot\spring-boot-starter-web\2.3.0.RELEASE\spring-boot-starter-web-2.3.0.RELEASE.jar;d:\maven\repository\org\springframework\boot\spring-boot-starter-json\2.3.0.RELEASE\spring-boot-starter-json-2.3.0.RELEASE.jar;d:\maven\repository\com\fasterxml\jackson\core\jackson-databind\2.11.0\jackson-databind-2.11.0.jar;d:\maven\repository\com\fasterxml\jackson\core\jackson-annotations\2.11.0\jackson-annotations-2.11.0.jar;d:\maven\repository\com\fasterxml\jackson\core\jackson-core\2.11.0\jackson-core-2.11.0.jar;d:\maven\repository\com\fasterxml\jackson\datatype\jackson-datatype-jdk8\2.11.0\jackson-datatype-jdk8-2.11.0.jar;d:\maven\repository\com\fasterxml\jackson\datatype\jackson-datatype-jsr310\2.11.0\jackson-datatype-jsr310-2.11.0.jar;d:\maven\repository\com\fasterxml\jackson\module\jackson-module-parameter-names\2.11.0\jackson-module-parameter-names-2.11.0.jar;d:\maven\repository\org\springframework\boot\spring-boot-starter-tomcat\2.3.0.RELEASE\spring-boot-starter-tomcat-2.3.0.RELEASE.jar;d:\maven\repository\org\apache\tomcat\embed\tomcat-embed-core\9.0.35\tomcat-embed-core-9.0.35.jar;d:\maven\repository\org\glassfish\jakarta.el\3.0.3\jakarta.el-3.0.3.jar;d:\maven\repository\org\apache\tomcat\embed\tomcat-embed-websocket\9.0.35\tomcat-embed-websocket-9.0.35.jar;d:\maven\repository\org\springframework\spring-web\5.2.6.RELEASE\spring-web-5.2.6.RELEASE.jar;d:\maven\repository\org\springframework\spring-beans\5.2.6.RELEASE\spring-beans-5.2.6.RELEASE.jar;d:\maven\repository\org\springframework\spring-webmvc\5.2.6.RELEASE\spring-webmvc-5.2.6.RELEASE.jar;d:\maven\repository\org\springframework\spring-aop\5.2.6.RELEASE\spring-aop-5.2.6.RELEASE.jar;d:\maven\repository\org\springframework\spring-context\5.2.6.RELEASE\spring-context-5.2.6.RELEASE.jar;d:\maven\repository\org\springframework\spring-expression\5.2.6.RELEASE\spring-expression-5.2.6.RELEASE.jar;d:\maven\repository\com\opencsv\opencsv\4.4\opencsv-4.4.jar;d:\maven\repository\org\apache\commons\commons-text\1.3\commons-text-1.3.jar;d:\maven\repository\commons-beanutils\commons-beanutils\1.9.3\commons-beanutils-1.9.3.jar;d:\maven\repository\commons-logging\commons-logging\1.2\commons-logging-1.2.jar;d:\maven\repository\commons-collections\commons-collections\3.2.2\commons-collections-3.2.2.jar;d:\maven\repository\org\apache\commons\commons-collections4\4.2\commons-collections4-4.2.jar;d:\maven\repository\org\mybatis\spring\boot\mybatis-spring-boot-starter\2.1.2\mybatis-spring-boot-starter-2.1.2.jar;d:\maven\repository\org\springframework\boot\spring-boot-starter-jdbc\2.3.0.RELEASE\spring-boot-starter-jdbc-2.3.0.RELEASE.jar;d:\maven\repository\com\zaxxer\HikariCP\3.4.5\HikariCP-3.4.5.jar;d:\maven\repository\org\springframework\spring-jdbc\5.2.6.RELEASE\spring-jdbc-5.2.6.RELEASE.jar;d:\maven\repository\org\springframework\spring-tx\5.2.6.RELEASE\spring-tx-5.2.6.RELEASE.jar;d:\maven\repository\org\mybatis\spring\boot\mybatis-spring-boot-autoconfigure\2.1.2\mybatis-spring-boot-autoconfigure-2.1.2.jar;d:\maven\repository\org\mybatis\mybatis\3.5.4\mybatis-3.5.4.jar;d:\maven\repository\org\mybatis\mybatis-spring\2.0.4\mybatis-spring-2.0.4.jar;d:\maven\repository\mysql\mysql-connector-java\5.1.42\mysql-connector-java-5.1.42.jar;d:\maven\repository\org\apache\commons\commons-lang3\3.10\commons-lang3-3.10.jar;d:\maven\repository\org\junit\platform\junit-platform-launcher\1.6.2\junit-platform-launcher-1.6.2.jar;d:\maven\repository\org\apiguardian\apiguardian-api\1.1.0\apiguardian-api-1.1.0.jar;d:\maven\repository\org\junit\platform\junit-platform-engine\1.6.2\junit-platform-engine-1.6.2.jar;d:\maven\repository\org\opentest4j\opentest4j\1.2.0\opentest4j-1.2.0.jar;d:\maven\repository\org\junit\platform\junit-platform-commons\1.6.2\junit-platform-commons-1.6.2.jar;d:\maven\repository\org\springframework\boot\spring-boot-starter-test\2.3.0.RELEASE\spring-boot-starter-test-2.3.0.RELEASE.jar;d:\maven\repository\org\springframework\boot\spring-boot-test\2.3.0.RELEASE\spring-boot-test-2.3.0.RELEASE.jar;d:\maven\repository\org\springframework\boot\spring-boot-test-autoconfigure\2.3.0.RELEASE\spring-boot-test-autoconfigure-2.3.0.RELEASE.jar;d:\maven\repository\com\jayway\jsonpath\json-path\2.4.0\json-path-2.4.0.jar;d:\maven\repository\net\minidev\json-smart\2.3\json-smart-2.3.jar;d:\maven\repository\net\minidev\accessors-smart\1.2\accessors-smart-1.2.jar;d:\maven\repository\org\ow2\asm\asm\5.0.4\asm-5.0.4.jar;d:\maven\repository\jakarta\xml\bind\jakarta.xml.bind-api\2.3.3\jakarta.xml.bind-api-2.3.3.jar;d:\maven\repository\jakarta\activation\jakarta.activation-api\1.2.2\jakarta.activation-api-1.2.2.jar;d:\maven\repository\org\assertj\assertj-core\3.16.1\assertj-core-3.16.1.jar;d:\maven\repository\org\hamcrest\hamcrest\2.2\hamcrest-2.2.jar;d:\maven\repository\org\junit\jupiter\junit-jupiter\5.6.2\junit-jupiter-5.6.2.jar;d:\maven\repository\org\junit\jupiter\junit-jupiter-api\5.6.2\junit-jupiter-api-5.6.2.jar;d:\maven\repository\org\junit\jupiter\junit-jupiter-params\5.6.2\junit-jupiter-params-5.6.2.jar;d:\maven\repository\org\junit\jupiter\junit-jupiter-engine\5.6.2\junit-jupiter-engine-5.6.2.jar;d:\maven\repository\org\mockito\mockito-core\3.3.3\mockito-core-3.3.3.jar;d:\maven\repository\net\bytebuddy\byte-buddy\1.10.10\byte-buddy-1.10.10.jar;d:\maven\repository\net\bytebuddy\byte-buddy-agent\1.10.10\byte-buddy-agent-1.10.10.jar;d:\maven\repository\org\objenesis\objenesis\2.6\objenesis-2.6.jar;d:\maven\repository\org\mockito\mockito-junit-jupiter\3.3.3\mockito-junit-jupiter-3.3.3.jar;d:\maven\repository\org\skyscreamer\jsonassert\1.5.0\jsonassert-1.5.0.jar;d:\maven\repository\com\vaadin\external\google\android-json\0.0.20131108.vaadin1\android-json-0.0.20131108.vaadin1.jar;d:\maven\repository\org\springframework\spring-core\5.2.6.RELEASE\spring-core-5.2.6.RELEASE.jar;d:\maven\repository\org\springframework\spring-jcl\5.2.6.RELEASE\spring-jcl-5.2.6.RELEASE.jar;d:\maven\repository\org\springframework\spring-test\5.2.6.RELEASE\spring-test-5.2.6.RELEASE.jar;d:\maven\repository\org\xmlunit\xmlunit-core\2.7.0\xmlunit-core-2.7.0.jar;"/>
    <property name="java.vm.vendor" value="Oracle Corporation"/>
    <property name="sun.arch.data.model" value="64"/>
    <property name="user.variant" value=""/>
    <property name="java.vendor.url" value="http://java.oracle.com/"/>
    <property name="user.timezone" value="Asia/Shanghai"/>
    <property name="java.vm.specification.version" value="1.8"/>
    <property name="os.name" value="Windows 10"/>
    <property name="user.country" value="CN"/>
    <property name="sun.java.launcher" value="SUN_STANDARD"/>
    <property name="sun.boot.library.path" value="D:\java\jre\bin"/>
    <property name="sun.java.command" value="C:\Users\MSI\AppData\Local\Temp\surefire6425897030566863610\surefirebooter2917252928361585479.jar C:\Users\MSI\AppData\Local\Temp\surefire6425897030566863610 2021-05-01T02-25-56_606-jvmRun1 surefire8839847018508352307tmp surefire_01479570192652621402tmp"/>
    <property name="surefire.test.class.path" value="E:\flight\target\test-classes;E:\flight\target\classes;d:\maven\repository\org\springframework\boot\spring-boot-starter-thymeleaf\2.3.0.RELEASE\spring-boot-starter-thymeleaf-2.3.0.RELEASE.jar;d:\maven\repository\org\springframework\boot\spring-boot-starter\2.3.0.RELEASE\spring-boot-starter-2.3.0.RELEASE.jar;d:\maven\repository\org\springframework\boot\spring-boot\2.3.0.RELEASE\spring-boot-2.3.0.RELEASE.jar;d:\maven\repository\org\springframework\boot\spring-boot-autoconfigure\2.3.0.RELEASE\spring-boot-autoconfigure-2.3.0.RELEASE.jar;d:\maven\repository\org\springframework\boot\spring-boot-starter-logging\2.3.0.RELEASE\spring-boot-starter-logging-2.3.0.RELEASE.jar;d:\maven\repository\ch\qos\logback\logback-classic\1.2.3\logback-classic-1.2.3.jar;d:\maven\repository\ch\qos\logback\logback-core\1.2.3\logback-core-1.2.3.jar;d:\maven\repository\org\apache\logging\log4j\log4j-to-slf4j\2.13.2\log4j-to-slf4j-2.13.2.jar;d:\maven\repository\org\apache\logging\log4j\log4j-api\2.13.2\log4j-api-2.13.2.jar;d:\maven\repository\org\slf4j\jul-to-slf4j\1.7.30\jul-to-slf4j-1.7.30.jar;d:\maven\repository\jakarta\annotation\jakarta.annotation-api\1.3.5\jakarta.annotation-api-1.3.5.jar;d:\maven\repository\org\yaml\snakeyaml\1.26\snakeyaml-1.26.jar;d:\maven\repository\org\thymeleaf\thymeleaf-spring5\3.0.11.RELEASE\thymeleaf-spring5-3.0.11.RELEASE.jar;d:\maven\repository\org\thymeleaf\thymeleaf\3.0.11.RELEASE\thymeleaf-3.0.11.RELEASE.jar;d:\maven\repository\org\attoparser\attoparser\2.0.5.RELEASE\attoparser-2.0.5.RELEASE.jar;d:\maven\repository\org\unbescape\unbescape\1.1.6.RELEASE\unbescape-1.1.6.RELEASE.jar;d:\maven\repository\org\slf4j\slf4j-api\1.7.30\slf4j-api-1.7.30.jar;d:\maven\repository\org\thymeleaf\extras\thymeleaf-extras-java8time\3.0.4.RELEASE\thymeleaf-extras-java8time-3.0.4.RELEASE.jar;d:\maven\repository\org\springframework\boot\spring-boot-starter-web\2.3.0.RELEASE\spring-boot-starter-web-2.3.0.RELEASE.jar;d:\maven\repository\org\springframework\boot\spring-boot-starter-json\2.3.0.RELEASE\spring-boot-starter-json-2.3.0.RELEASE.jar;d:\maven\repository\com\fasterxml\jackson\core\jackson-databind\2.11.0\jackson-databind-2.11.0.jar;d:\maven\repository\com\fasterxml\jackson\core\jackson-annotations\2.11.0\jackson-annotations-2.11.0.jar;d:\maven\repository\com\fasterxml\jackson\core\jackson-core\2.11.0\jackson-core-2.11.0.jar;d:\maven\repository\com\fasterxml\jackson\datatype\jackson-datatype-jdk8\2.11.0\jackson-datatype-jdk8-2.11.0.jar;d:\maven\repository\com\fasterxml\jackson\datatype\jackson-datatype-jsr310\2.11.0\jackson-datatype-jsr310-2.11.0.jar;d:\maven\repository\com\fasterxml\jackson\module\jackson-module-parameter-names\2.11.0\jackson-module-parameter-names-2.11.0.jar;d:\maven\repository\org\springframework\boot\spring-boot-starter-tomcat\2.3.0.RELEASE\spring-boot-starter-tomcat-2.3.0.RELEASE.jar;d:\maven\repository\org\apache\tomcat\embed\tomcat-embed-core\9.0.35\tomcat-embed-core-9.0.35.jar;d:\maven\repository\org\glassfish\jakarta.el\3.0.3\jakarta.el-3.0.3.jar;d:\maven\repository\org\apache\tomcat\embed\tomcat-embed-websocket\9.0.35\tomcat-embed-websocket-9.0.35.jar;d:\maven\repository\org\springframework\spring-web\5.2.6.RELEASE\spring-web-5.2.6.RELEASE.jar;d:\maven\repository\org\springframework\spring-beans\5.2.6.RELEASE\spring-beans-5.2.6.RELEASE.jar;d:\maven\repository\org\springframework\spring-webmvc\5.2.6.RELEASE\spring-webmvc-5.2.6.RELEASE.jar;d:\maven\repository\org\springframework\spring-aop\5.2.6.RELEASE\spring-aop-5.2.6.RELEASE.jar;d:\maven\repository\org\springframework\spring-context\5.2.6.RELEASE\spring-context-5.2.6.RELEASE.jar;d:\maven\repository\org\springframework\spring-expression\5.2.6.RELEASE\spring-expression-5.2.6.RELEASE.jar;d:\maven\repository\com\opencsv\opencsv\4.4\opencsv-4.4.jar;d:\maven\repository\org\apache\commons\commons-text\1.3\commons-text-1.3.jar;d:\maven\repository\commons-beanutils\commons-beanutils\1.9.3\commons-beanutils-1.9.3.jar;d:\maven\repository\commons-logging\commons-logging\1.2\commons-logging-1.2.jar;d:\maven\repository\commons-collections\commons-collections\3.2.2\commons-collections-3.2.2.jar;d:\maven\repository\org\apache\commons\commons-collections4\4.2\commons-collections4-4.2.jar;d:\maven\repository\org\mybatis\spring\boot\mybatis-spring-boot-starter\2.1.2\mybatis-spring-boot-starter-2.1.2.jar;d:\maven\repository\org\springframework\boot\spring-boot-starter-jdbc\2.3.0.RELEASE\spring-boot-starter-jdbc-2.3.0.RELEASE.jar;d:\maven\repository\com\zaxxer\HikariCP\3.4.5\HikariCP-3.4.5.jar;d:\maven\repository\org\springframework\spring-jdbc\5.2.6.RELEASE\spring-jdbc-5.2.6.RELEASE.jar;d:\maven\repository\org\springframework\spring-tx\5.2.6.RELEASE\spring-tx-5.2.6.RELEASE.jar;d:\maven\repository\org\mybatis\spring\boot\mybatis-spring-boot-autoconfigure\2.1.2\mybatis-spring-boot-autoconfigure-2.1.2.jar;d:\maven\repository\org\mybatis\mybatis\3.5.4\mybatis-3.5.4.jar;d:\maven\repository\org\mybatis\mybatis-spring\2.0.4\mybatis-spring-2.0.4.jar;d:\maven\repository\mysql\mysql-connector-java\5.1.42\mysql-connector-java-5.1.42.jar;d:\maven\repository\org\apache\commons\commons-lang3\3.10\commons-lang3-3.10.jar;d:\maven\repository\org\junit\platform\junit-platform-launcher\1.6.2\junit-platform-launcher-1.6.2.jar;d:\maven\repository\org\apiguardian\apiguardian-api\1.1.0\apiguardian-api-1.1.0.jar;d:\maven\repository\org\junit\platform\junit-platform-engine\1.6.2\junit-platform-engine-1.6.2.jar;d:\maven\repository\org\opentest4j\opentest4j\1.2.0\opentest4j-1.2.0.jar;d:\maven\repository\org\junit\platform\junit-platform-commons\1.6.2\junit-platform-commons-1.6.2.jar;d:\maven\repository\org\springframework\boot\spring-boot-starter-test\2.3.0.RELEASE\spring-boot-starter-test-2.3.0.RELEASE.jar;d:\maven\repository\org\springframework\boot\spring-boot-test\2.3.0.RELEASE\spring-boot-test-2.3.0.RELEASE.jar;d:\maven\repository\org\springframework\boot\spring-boot-test-autoconfigure\2.3.0.RELEASE\spring-boot-test-autoconfigure-2.3.0.RELEASE.jar;d:\maven\repository\com\jayway\jsonpath\json-path\2.4.0\json-path-2.4.0.jar;d:\maven\repository\net\minidev\json-smart\2.3\json-smart-2.3.jar;d:\maven\repository\net\minidev\accessors-smart\1.2\accessors-smart-1.2.jar;d:\maven\repository\org\ow2\asm\asm\5.0.4\asm-5.0.4.jar;d:\maven\repository\jakarta\xml\bind\jakarta.xml.bind-api\2.3.3\jakarta.xml.bind-api-2.3.3.jar;d:\maven\repository\jakarta\activation\jakarta.activation-api\1.2.2\jakarta.activation-api-1.2.2.jar;d:\maven\repository\org\assertj\assertj-core\3.16.1\assertj-core-3.16.1.jar;d:\maven\repository\org\hamcrest\hamcrest\2.2\hamcrest-2.2.jar;d:\maven\repository\org\junit\jupiter\junit-jupiter\5.6.2\junit-jupiter-5.6.2.jar;d:\maven\repository\org\junit\jupiter\junit-jupiter-api\5.6.2\junit-jupiter-api-5.6.2.jar;d:\maven\repository\org\junit\jupiter\junit-jupiter-params\5.6.2\junit-jupiter-params-5.6.2.jar;d:\maven\repository\org\junit\jupiter\junit-jupiter-engine\5.6.2\junit-jupiter-engine-5.6.2.jar;d:\maven\repository\org\mockito\mockito-core\3.3.3\mockito-core-3.3.3.jar;d:\maven\repository\net\bytebuddy\byte-buddy\1.10.10\byte-buddy-1.10.10.jar;d:\maven\repository\net\bytebuddy\byte-buddy-agent\1.10.10\byte-buddy-agent-1.10.10.jar;d:\maven\repository\org\objenesis\objenesis\2.6\objenesis-2.6.jar;d:\maven\repository\org\mockito\mockito-junit-jupiter\3.3.3\mockito-junit-jupiter-3.3.3.jar;d:\maven\repository\org\skyscreamer\jsonassert\1.5.0\jsonassert-1.5.0.jar;d:\maven\repository\com\vaadin\external\google\android-json\0.0.20131108.vaadin1\android-json-0.0.20131108.vaadin1.jar;d:\maven\repository\org\springframework\spring-core\5.2.6.RELEASE\spring-core-5.2.6.RELEASE.jar;d:\maven\repository\org\springframework\spring-jcl\5.2.6.RELEASE\spring-jcl-5.2.6.RELEASE.jar;d:\maven\repository\org\springframework\spring-test\5.2.6.RELEASE\spring-test-5.2.6.RELEASE.jar;d:\maven\repository\org\xmlunit\xmlunit-core\2.7.0\xmlunit-core-2.7.0.jar;"/>
    <property name="sun.cpu.endian" value="little"/>
    <property name="user.home" value="C:\Users\MSI"/>
    <property name="user.language" value="zh"/>
    <property name="java.specification.vendor" value="Oracle Corporation"/>
    <property name="java.home" value="D:\java\jre"/>
    <property name="basedir" value="E:\flight"/>
    <property name="file.separator" value="\"/>
    <property name="line.separator" value="&#10;"/>
    <property name="idea.version2019.2.3" value="true"/>
    <property name="java.vm.specification.vendor" value="Oracle Corporation"/>
    <property name="java.specification.name" value="Java Platform API Specification"/>
    <property name="java.awt.graphicsenv" value="sun.awt.Win32GraphicsEnvironment"/>
    <property name="surefire.real.class.path" value="C:\Users\MSI\AppData\Local\Temp\surefire6425897030566863610\surefirebooter2917252928361585479.jar"/>
    <property name="sun.boot.class.path" value="D:\java\jre\lib\resources.jar;D:\java\jre\lib\rt.jar;D:\java\jre\lib\sunrsasign.jar;D:\java\jre\lib\jsse.jar;D:\java\jre\lib\jce.jar;D:\java\jre\lib\charsets.jar;D:\java\jre\lib\jfr.jar;D:\java\jre\classes"/>
    <property name="user.script" value=""/>
    <property name="sun.management.compiler" value="HotSpot 64-Bit Tiered Compilers"/>
    <property name="java.runtime.version" value="1.8.0_201-b09"/>
    <property name="user.name" value="MSI"/>
    <property name="path.separator" value=";"/>
    <property name="os.version" value="10.0"/>
    <property name="java.endorsed.dirs" value="D:\java\jre\lib\endorsed"/>
    <property name="java.runtime.name" value="Java(TM) SE Runtime Environment"/>
    <property name="file.encoding" value="GBK"/>
    <property name="java.vm.name" value="Java HotSpot(TM) 64-Bit Server VM"/>
    <property name="localRepository" value="d:\maven\repository"/>
    <property name="java.vendor.url.bug" value="http://bugreport.sun.com/bugreport/"/>
    <property name="java.io.tmpdir" value="C:\Users\MSI\AppData\Local\Temp\"/>
    <property name="java.version" value="1.8.0_201"/>
    <property name="user.dir" value="E:\flight"/>
    <property name="os.arch" value="amd64"/>
    <property name="java.vm.specification.name" value="Java Virtual Machine Specification"/>
    <property name="java.awt.printerjob" value="sun.awt.windows.WPrinterJob"/>
    <property name="sun.os.patch.level" value=""/>
    <property name="java.library.path" value="D:\java\jre\bin;C:\WINDOWS\Sun\Java\bin;C:\WINDOWS\system32;C:\WINDOWS;C:\Program Files (x86)\Common Files\Oracle\Java\javapath;D:\ProgramData\Anaconda3;D:\ProgramData\Anaconda3\Library\mingw-w64\bin;D:\ProgramData\Anaconda3\Library\usr\bin;D:\ProgramData\Anaconda3\Library\bin;D:\ProgramData\Anaconda3\Scripts;C:\WINDOWS\system32;C:\WINDOWS;C:\WINDOWS\System32\Wbem;C:\WINDOWS\System32\WindowsPowerShell\v1.0\;C:\Program Files\Microsoft SQL Server\130\Tools\Binn\;C:\Users\MSI\Desktop\ffmpeg\bin;C:\WINDOWS\System32\OpenSSH\;C:\Users\MSI;D:\Program Files\platform-tools;D:\SDK;E:\flutter\bin;D:\java\bin;D:\jre\bin;E:\dartsdk-windows-x64-release\dart-sdk\bin;D:\Program Files\Git\cmd;C:\Program Files\Common Files\Autodesk Shared\;C:\Program Files (x86)\Autodesk\Backburner\;D:\sqlite;D:\Program Files\nodejs\;C:\ProgramData\chocolatey\bin;D:\Program Files\IBM\SPSS\Statistics\24\JRE\bin;D:\Program Files\MATLAB\R2016b\runtime\win64;D:\Program Files\MATLAB\R2016b\bin;D:\Program Files\MATLAB\R2016b\polyspace\bin;C:\Users\MSI\AppData\Local\Microsoft\WindowsApps;;D:\Program Files\JetBrains\PyCharm 2020.1.5\bin;;D:\Program Files\Huawei\DevEco Studio\bin;;C:\Users\MSI\AppData\Local\Programs\Microsoft VS Code\bin;C:\Users\MSI\AppData\Roaming\npm;D:\Program Files\JetBrains\PyCharm Community Edition 2018.3.7\bin;;."/>
    <property name="java.vm.info" value="mixed mode"/>
    <property name="java.vendor" value="Oracle Corporation"/>
    <property name="java.vm.version" value="25.201-b09"/>
    <property name="java.ext.dirs" value="D:\java\jre\lib\ext;C:\WINDOWS\Sun\Java\lib\ext"/>
    <property name="sun.io.unicode.encoding" value="UnicodeLittle"/>
    <property name="java.class.version" value="52.0"/>
  </properties>
  <testcase name="contextLoads" classname="com.charles.flight.FlightApplicationTests" time="0.234"/>
</testsuite>